<?xml version="1.0" encoding="UTF-8"?><testsuite errors="0" failures="2" name="Services Feature" skipped="0" tests="2" time="0.08" timestamp="2021-08-05T18:28:32.905+01:00[Europe/London]"><testcase name="Update services name and verify if the services name is updated"><failure message="1 expectation failed.&#10;Expected status code &lt;201&gt; but was &lt;400&gt;.&#10;" type="java.lang.AssertionError">1 expectation failed.
Expected status code &lt;201&gt; but was &lt;400&gt;.
</failure><system-err>1 expectation failed.
Expected status code &lt;201&gt; but was &lt;400&gt;.
&#13;
io.restassured.internal.ResponseSpecificationImpl.validateResponseIfRequired(ResponseSpecificationImpl.groovy:636)&#13;
io.restassured.internal.ResponseSpecificationImpl.statusCode(ResponseSpecificationImpl.groovy:122)&#13;
io.restassured.internal.ResponseSpecificationImpl.statusCode(ResponseSpecificationImpl.groovy:130)&#13;
io.restassured.internal.ValidatableResponseOptionsImpl.statusCode(ValidatableResponseOptionsImpl.java:117)&#13;
com.bestbuyapi.cucumber.steps.ServiceStepdefs.iVerifyThatTheServicesIsCreatedWithName(ServiceStepdefs.java:38)&#13;
✽.Then I verify that the services is created with name(service.feature:7)&#13;
</system-err></testcase><testcase name="Delete services and verify if the services is deleted"><failure message="1 expectation failed.&#10;Expected status code &lt;201&gt; but was &lt;400&gt;.&#10;" type="java.lang.AssertionError">1 expectation failed.
Expected status code &lt;201&gt; but was &lt;400&gt;.
</failure><system-err>1 expectation failed.
Expected status code &lt;201&gt; but was &lt;400&gt;.
&#13;
io.restassured.internal.ResponseSpecificationImpl.validateResponseIfRequired(ResponseSpecificationImpl.groovy:636)&#13;
io.restassured.internal.ResponseSpecificationImpl.statusCode(ResponseSpecificationImpl.groovy:122)&#13;
io.restassured.internal.ResponseSpecificationImpl.statusCode(ResponseSpecificationImpl.groovy:130)&#13;
io.restassured.internal.ValidatableResponseOptionsImpl.statusCode(ValidatableResponseOptionsImpl.java:117)&#13;
com.bestbuyapi.cucumber.steps.ServiceStepdefs.iVerifyThatTheServicesIsCreatedWithName(ServiceStepdefs.java:38)&#13;
✽.Then I verify that the services is created with name(service.feature:7)&#13;
</system-err></testcase></testsuite>