<?xml version="1.0" encoding="UTF-8"?><testsuite errors="0" failures="0" name="com.bestbuyapi.bestbuyapiTest.ServicesTest" skipped="0" tests="7" time="0.27" timestamp="2021-08-04T22:22:38.436+01:00[Europe/London]"><testcase classname="com.bestbuyapi.bestbuyapiTest.ServicesTest" name="Create and Verify the services was added to the application"/><testcase classname="com.bestbuyapi.bestbuyapiTest.ServicesTest" name="Update services information and verify the updated information"/><testcase classname="com.bestbuyapi.bestbuyapiTest.ServicesTest" name="Delete services information with id and verify it"/><testcase classname="com.bestbuyapi.bestbuyapiTest.ServicesTest" name="This will create new services"/><testcase classname="com.bestbuyapi.bestbuyapiTest.ServicesTest" name="This will get all services"/><testcase classname="com.bestbuyapi.bestbuyapiTest.ServicesTest" name="This will get single services with id"/><testcase classname="com.bestbuyapi.bestbuyapiTest.ServicesTest" name="This will get services with parameters"/></testsuite>