<?xml version="1.0" encoding="UTF-8"?><testsuite errors="0" failures="0" name="com.bestbuyapi.bestbuyapiTest.StoresTest" skipped="0" tests="8" time="3.72" timestamp="2021-08-05T11:57:30.681+01:00[Europe/London]"><testcase classname="com.bestbuyapi.bestbuyapiTest.StoresTest" name="Create and Verify the stores was added to the application"/><testcase classname="com.bestbuyapi.bestbuyapiTest.StoresTest" name="Update stores information and verify updated information"/><testcase classname="com.bestbuyapi.bestbuyapiTest.StoresTest" name="Update stores information with patch request and verify information"/><testcase classname="com.bestbuyapi.bestbuyapiTest.StoresTest" name="This will delete the stores information"/><testcase classname="com.bestbuyapi.bestbuyapiTest.StoresTest" name="Create new store"/><testcase classname="com.bestbuyapi.bestbuyapiTest.StoresTest" name="This will get all stores information"/><testcase classname="com.bestbuyapi.bestbuyapiTest.StoresTest" name="This will get single stores information"/><testcase classname="com.bestbuyapi.bestbuyapiTest.StoresTest" name="This will get stores information with parameters limit and skip"/></testsuite>