<?xml version="1.0" encoding="UTF-8"?><testsuite errors="0" failures="0" name="Testing different request on resource product of best buy application" skipped="0" tests="6" time="33.79" timestamp="2021-08-06T15:45:32.643+01:00[Europe/London]"><testcase name="check if product resource of the best buy application can be accessed by users"/><testcase name="Create new products and verify product added"/><testcase name="Update products and verify product updated"/><testcase name="Delete product and verify product deleted"/></testsuite>