<?xml version="1.0" encoding="UTF-8"?><testsuite errors="0" failures="5" name="Testing different request on resource store of best buy application" skipped="0" tests="6" time="3.91" timestamp="2021-08-05T12:16:28.660+01:00[Europe/London]"><testcase name="verify stores information accessed by best buy application users"/><testcase name="Create new store and verify store added"><failure message="1 expectation failed.&#10;Expected status code &lt;201&gt; but was &lt;400&gt;.&#10;" type="java.lang.AssertionError">1 expectation failed.
Expected status code &lt;201&gt; but was &lt;400&gt;.
</failure><system-err>1 expectation failed.
Expected status code &lt;201&gt; but was &lt;400&gt;.
&#13;
io.restassured.internal.ResponseSpecificationImpl.validateResponseIfRequired(ResponseSpecificationImpl.groovy:636)&#13;
io.restassured.internal.ResponseSpecificationImpl.statusCode(ResponseSpecificationImpl.groovy:122)&#13;
io.restassured.internal.ResponseSpecificationImpl.statusCode(ResponseSpecificationImpl.groovy:130)&#13;
io.restassured.internal.ValidatableResponseOptionsImpl.statusCode(ValidatableResponseOptionsImpl.java:117)&#13;
com.bestbuyapi.cucumber.steps.StoreStepdefs.iVerifyThatTheStoreWithNameIsCreated(StoreStepdefs.java:48)&#13;
✽.Then I verify that the store with name"Tesco23" is created(src/test/java/resources/feature/store.feature:8)&#13;
</system-err></testcase><testcase name="Update new store and verify store added"><failure message="1 expectation failed.&#10;Expected status code &lt;200&gt; but was &lt;400&gt;.&#10;" type="java.lang.AssertionError">1 expectation failed.
Expected status code &lt;200&gt; but was &lt;400&gt;.
</failure><system-err>1 expectation failed.
Expected status code &lt;200&gt; but was &lt;400&gt;.
&#13;
io.restassured.internal.ResponseSpecificationImpl.validateResponseIfRequired(ResponseSpecificationImpl.groovy:636)&#13;
io.restassured.internal.ResponseSpecificationImpl.statusCode(ResponseSpecificationImpl.groovy:122)&#13;
io.restassured.internal.ResponseSpecificationImpl.statusCode(ResponseSpecificationImpl.groovy:130)&#13;
io.restassured.internal.ValidatableResponseOptionsImpl.statusCode(ValidatableResponseOptionsImpl.java:117)&#13;
com.bestbuyapi.cucumber.steps.StoreStepdefs.iVerifyThatTheStoreWithNameIsUpdated(StoreStepdefs.java:70)&#13;
✽.Then I verify that the store with name"Tesco23" is updated(src/test/java/resources/feature/store.feature:16)&#13;
</system-err></testcase><testcase name="Delete store and verify store deleted"><failure message="1 expectation failed.&#10;Expected status code &lt;200&gt; but was &lt;404&gt;.&#10;" type="java.lang.AssertionError">1 expectation failed.
Expected status code &lt;200&gt; but was &lt;404&gt;.
</failure><system-err>1 expectation failed.
Expected status code &lt;200&gt; but was &lt;404&gt;.
&#13;
io.restassured.internal.ResponseSpecificationImpl.validateResponseIfRequired(ResponseSpecificationImpl.groovy:636)&#13;
io.restassured.internal.ResponseSpecificationImpl.statusCode(ResponseSpecificationImpl.groovy:122)&#13;
io.restassured.internal.ResponseSpecificationImpl.statusCode(ResponseSpecificationImpl.groovy:130)&#13;
io.restassured.internal.ValidatableResponseOptionsImpl.statusCode(ValidatableResponseOptionsImpl.java:117)&#13;
com.bestbuyapi.cucumber.steps.StoreStepdefs.iVerifyThatTheStoreWithId(StoreStepdefs.java:86)&#13;
✽.Then I verify that the store with id 2(src/test/java/resources/feature/store.feature:25)&#13;
</system-err></testcase></testsuite>