<?xml version="1.0" encoding="UTF-8"?><testsuite errors="0" failures="2" name="Categories Feature" skipped="0" tests="2" time="3.52" timestamp="2021-08-05T18:28:27.711+01:00[Europe/London]"><testcase name="Update categories name and verify if the categories name is updated"><failure message="1 expectation failed.&#10;Expected status code &lt;201&gt; but was &lt;400&gt;.&#10;" type="java.lang.AssertionError">1 expectation failed.
Expected status code &lt;201&gt; but was &lt;400&gt;.
</failure><system-err>1 expectation failed.
Expected status code &lt;201&gt; but was &lt;400&gt;.
&#13;
io.restassured.internal.ResponseSpecificationImpl.validateResponseIfRequired(ResponseSpecificationImpl.groovy:636)&#13;
io.restassured.internal.ResponseSpecificationImpl.statusCode(ResponseSpecificationImpl.groovy:122)&#13;
io.restassured.internal.ResponseSpecificationImpl.statusCode(ResponseSpecificationImpl.groovy:130)&#13;
io.restassured.internal.ValidatableResponseOptionsImpl.statusCode(ValidatableResponseOptionsImpl.java:117)&#13;
com.bestbuyapi.cucumber.steps.CategoryStepdefs.iVerifyThatTheCategoriesIsCreatedWithName(CategoryStepdefs.java:39)&#13;
✽.Then I verify that the categories is created with name(category.feature:7)&#13;
</system-err></testcase><testcase name="Delete categories and verify if the categories is deleted"><failure message="1 expectation failed.&#10;Expected status code &lt;201&gt; but was &lt;400&gt;.&#10;" type="java.lang.AssertionError">1 expectation failed.
Expected status code &lt;201&gt; but was &lt;400&gt;.
</failure><system-err>1 expectation failed.
Expected status code &lt;201&gt; but was &lt;400&gt;.
&#13;
io.restassured.internal.ResponseSpecificationImpl.validateResponseIfRequired(ResponseSpecificationImpl.groovy:636)&#13;
io.restassured.internal.ResponseSpecificationImpl.statusCode(ResponseSpecificationImpl.groovy:122)&#13;
io.restassured.internal.ResponseSpecificationImpl.statusCode(ResponseSpecificationImpl.groovy:130)&#13;
io.restassured.internal.ValidatableResponseOptionsImpl.statusCode(ValidatableResponseOptionsImpl.java:117)&#13;
com.bestbuyapi.cucumber.steps.CategoryStepdefs.iVerifyThatTheCategoriesIsCreatedWithName(CategoryStepdefs.java:39)&#13;
✽.Then I verify that the categories is created with name(category.feature:7)&#13;
</system-err></testcase></testsuite>